# JRE version: Java(TM) SE Runtime Environment (8.0-b132) (build 1.8.0-b132)
# Java VM: Java HotSpot(TM) 64-Bit Server VM (25.0-b70 mixed mode bsd-amd64 compressed oops)
Heap:
 PSYoungGen      total 213504K, used 188427K [0x0000000795580000, 0x00000007a3a00000, 0x00000007c0000000)
  eden space 206848K, 91% used [0x0000000795580000,0x00000007a0d82cc0,0x00000007a1f80000)
  from space 6656K, 0% used [0x00000007a2b00000,0x00000007a2b00000,0x00000007a3180000)
  to   space 11776K, 0% used [0x00000007a1f80000,0x00000007a1f80000,0x00000007a2b00000)
 ParOldGen       total 38912K, used 29044K [0x0000000740000000, 0x0000000742600000, 0x0000000795580000)
  object space 38912K, 74% used [0x0000000740000000,0x0000000741c5d0a0,0x0000000742600000)
 Metaspace       used 24677K, capacity 24826K, committed 24960K, reserved 1071104K
  class space    used 3421K, capacity 3448K, committed 3456K, reserved 1048576K
GC Heap History (10 events):
Event: 60.938 GC heap before
{Heap before GC invocations=45 (full 2):
 PSYoungGen      total 198144K, used 196678K [0x0000000795580000, 0x00000007a1c00000, 0x00000007c0000000)
  eden space 193024K, 99% used [0x0000000795580000,0x00000007a11e8e90,0x00000007a1200000)
  from space 5120K, 73% used [0x00000007a1700000,0x00000007a1aa89c0,0x00000007a1c00000)
  to   space 5120K, 0% used [0x00000007a1200000,0x00000007a1200000,0x00000007a1700000)
 ParOldGen       total 20992K, used 16546K [0x0000000740000000, 0x0000000741480000, 0x0000000795580000)
  object space 20992K, 78% used [0x0000000740000000,0x00000007410288f0,0x0000000741480000)
 Metaspace       used 22281K, capacity 22504K, committed 22784K, reserved 1069056K
  class space    used 3208K, capacity 3253K, committed 3328K, reserved 1048576K
Event: 60.944 GC heap after
Heap after GC invocations=45 (full 2):
 PSYoungGen      total 198144K, used 3375K [0x0000000795580000, 0x00000007a2800000, 0x00000007c0000000)
  eden space 193024K, 0% used [0x0000000795580000,0x0000000795580000,0x00000007a1200000)
  from space 5120K, 65% used [0x00000007a1200000,0x00000007a154bc30,0x00000007a1700000)
  to   space 5120K, 0% used [0x00000007a2300000,0x00000007a2300000,0x00000007a2800000)
 ParOldGen       total 20992K, used 16554K [0x0000000740000000, 0x0000000741480000, 0x0000000795580000)
  object space 20992K, 78% used [0x0000000740000000,0x000000074102a8f0,0x0000000741480000)
 Metaspace       used 22281K, capacity 22504K, committed 22784K, reserved 1069056K
  class space    used 3208K, capacity 3253K, committed 3328K, reserved 1048576K
}
Event: 108.749 GC heap before
{Heap before GC invocations=46 (full 2):
 PSYoungGen      total 198144K, used 196083K [0x0000000795580000, 0x00000007a2800000, 0x00000007c0000000)
  eden space 193024K, 99% used [0x0000000795580000,0x00000007a11b1128,0x00000007a1200000)
  from space 5120K, 65% used [0x00000007a1200000,0x00000007a154bc30,0x00000007a1700000)
  to   space 5120K, 0% used [0x00000007a2300000,0x00000007a2300000,0x00000007a2800000)
 ParOldGen       total 20992K, used 16554K [0x0000000740000000, 0x0000000741480000, 0x0000000795580000)
  object space 20992K, 78% used [0x0000000740000000,0x000000074102a8f0,0x0000000741480000)
 Metaspace       used 24309K, capacity 24442K, committed 24704K, reserved 1071104K
  class space    used 3419K, capacity 3448K, committed 3456K, reserved 1048576K
Event: 108.764 GC heap after
Heap after GC invocations=46 (full 2):
 PSYoungGen      total 208384K, used 5108K [0x0000000795580000, 0x00000007a2800000, 0x00000007c0000000)
  eden space 203264K, 0% used [0x0000000795580000,0x0000000795580000,0x00000007a1c00000)
  from space 5120K, 99% used [0x00000007a2300000,0x00000007a27fd3e0,0x00000007a2800000)
  to   space 6144K, 0% used [0x00000007a1c00000,0x00000007a1c00000,0x00000007a2200000)
 ParOldGen       total 20992K, used 18810K [0x0000000740000000, 0x0000000741480000, 0x0000000795580000)
  object space 20992K, 89% used [0x0000000740000000,0x000000074125e960,0x0000000741480000)
 Metaspace       used 24309K, capacity 24442K, committed 24704K, reserved 1071104K
  class space    used 3419K, capacity 3448K, committed 3456K, reserved 1048576K
}
Event: 149.792 GC heap before
{Heap before GC invocations=47 (full 2):
 PSYoungGen      total 208384K, used 208316K [0x0000000795580000, 0x00000007a2800000, 0x00000007c0000000)
  eden space 203264K, 99% used [0x0000000795580000,0x00000007a1bf1f30,0x00000007a1c00000)
  from space 5120K, 99% used [0x00000007a2300000,0x00000007a27fd3e0,0x00000007a2800000)
  to   space 6144K, 0% used [0x00000007a1c00000,0x00000007a1c00000,0x00000007a2200000)
 ParOldGen       total 20992K, used 18810K [0x0000000740000000, 0x0000000741480000, 0x0000000795580000)
  object space 20992K, 89% used [0x0000000740000000,0x000000074125e960,0x0000000741480000)
 Metaspace       used 24424K, capacity 24634K, committed 24704K, reserved 1071104K
  class space    used 3419K, capacity 3448K, committed 3456K, reserved 1048576K
Event: 149.802 GC heap after
Heap after GC invocations=47 (full 2):
 PSYoungGen      total 209408K, used 5732K [0x0000000795580000, 0x00000007a3180000, 0x00000007c0000000)
  eden space 203264K, 0% used [0x0000000795580000,0x0000000795580000,0x00000007a1c00000)
  from space 6144K, 93% used [0x00000007a1c00000,0x00000007a2199020,0x00000007a2200000)
  to   space 6656K, 0% used [0x00000007a2b00000,0x00000007a2b00000,0x00000007a3180000)
 ParOldGen       total 20992K, used 18826K [0x0000000740000000, 0x0000000741480000, 0x0000000795580000)
  object space 20992K, 89% used [0x0000000740000000,0x0000000741262960,0x0000000741480000)
 Metaspace       used 24424K, capacity 24634K, committed 24704K, reserved 1071104K
  class space    used 3419K, capacity 3448K, committed 3456K, reserved 1048576K
}
Event: 274.350 GC heap before
{Heap before GC invocations=48 (full 2):
 PSYoungGen      total 209408K, used 208996K [0x0000000795580000, 0x00000007a3180000, 0x00000007c0000000)
  eden space 203264K, 100% used [0x0000000795580000,0x00000007a1c00000,0x00000007a1c00000)
  from space 6144K, 93% used [0x00000007a1c00000,0x00000007a2199020,0x00000007a2200000)
  to   space 6656K, 0% used [0x00000007a2b00000,0x00000007a2b00000,0x00000007a3180000)
 ParOldGen       total 20992K, used 18826K [0x0000000740000000, 0x0000000741480000, 0x0000000795580000)
  object space 20992K, 89% used [0x0000000740000000,0x0000000741262960,0x0000000741480000)
 Metaspace       used 24627K, capacity 24762K, committed 24960K, reserved 1071104K
  class space    used 3419K, capacity 3448K, committed 3456K, reserved 1048576K
Event: 274.383 GC heap after
Heap after GC invocations=48 (full 2):
 PSYoungGen      total 213504K, used 6626K [0x0000000795580000, 0x00000007a3a00000, 0x00000007c0000000)
  eden space 206848K, 0% used [0x0000000795580000,0x0000000795580000,0x00000007a1f80000)
  from space 6656K, 99% used [0x00000007a2b00000,0x00000007a3178990,0x00000007a3180000)
  to   space 11776K, 0% used [0x00000007a1f80000,0x00000007a1f80000,0x00000007a2b00000)
 ParOldGen       total 30720K, used 30220K [0x0000000740000000, 0x0000000741e00000, 0x0000000795580000)
  object space 30720K, 98% used [0x0000000740000000,0x0000000741d83000,0x0000000741e00000)
 Metaspace       used 24627K, capacity 24762K, committed 24960K, reserved 1071104K
  class space    used 3419K, capacity 3448K, committed 3456K, reserved 1048576K
}
Event: 274.383 GC heap before
{Heap before GC invocations=49 (full 3):
 PSYoungGen      total 213504K, used 6626K [0x0000000795580000, 0x00000007a3a00000, 0x00000007c0000000)
  eden space 206848K, 0% used [0x0000000795580000,0x0000000795580000,0x00000007a1f80000)
  from space 6656K, 99% used [0x00000007a2b00000,0x00000007a3178990,0x00000007a3180000)
  to   space 11776K, 0% used [0x00000007a1f80000,0x00000007a1f80000,0x00000007a2b00000)
 ParOldGen       total 30720K, used 30220K [0x0000000740000000, 0x0000000741e00000, 0x0000000795580000)
  object space 30720K, 98% used [0x0000000740000000,0x0000000741d83000,0x0000000741e00000)
 Metaspace       used 24627K, capacity 24762K, committed 24960K, reserved 1071104K
  class space    used 3419K, capacity 3448K, committed 3456K, reserved 1048576K
Event: 274.832 GC heap after
Heap after GC invocations=49 (full 3):
 PSYoungGen      total 213504K, used 0K [0x0000000795580000, 0x00000007a3a00000, 0x00000007c0000000)
  eden space 206848K, 0% used [0x0000000795580000,0x0000000795580000,0x00000007a1f80000)
  from space 6656K, 0% used [0x00000007a2b00000,0x00000007a2b00000,0x00000007a3180000)
  to   space 11776K, 0% used [0x00000007a1f80000,0x00000007a1f80000,0x00000007a2b00000)
 ParOldGen       total 38912K, used 29044K [0x0000000740000000, 0x0000000742600000, 0x0000000795580000)
  object space 38912K, 74% used [0x0000000740000000,0x0000000741c5d0a0,0x0000000742600000)
 Metaspace       used 24627K, capacity 24762K, committed 24960K, reserved 1071104K
  class space    used 3419K, capacity 3448K, committed 3456K, reserved 1048576K
}

